-------------------------------------------------------------------------------
Test set: com.dh.proyectoback.ProyectoClinicaOdontologica.ProyectoClinicaOdontologicaApplicationTests
-------------------------------------------------------------------------------
Tests run: 1, Failures: 0, Errors: 1, Skipped: 0, Time elapsed: 1.962 s <<< FAILURE! - in com.dh.proyectoback.ProyectoClinicaOdontologica.ProyectoClinicaOdontologicaApplicationTests
contextLoads  Time elapsed: 0.001 s  <<< ERROR!
java.lang.IllegalStateException: Failed to load ApplicationContext
Caused by: org.springframework.beans.factory.UnsatisfiedDependencyException: Error creating bean with name 'cargarDatosIniciales': Unsatisfied dependency expressed through field 'usuarioRepository'; nested exception is org.springframework.beans.factory.BeanCreationException: Error creating bean with name 'usuarioRepository' defined in com.dh.proyectoback.ProyectoClinicaOdontologica.repository.UsuarioRepository defined in @EnableJpaRepositories declared on JpaRepositoriesRegistrar.EnableJpaRepositoriesConfiguration: Invocation of init method failed; nested exception is org.springframework.data.repository.query.QueryCreationException: Could not create query for public abstract java.util.Optional com.dh.proyectoback.ProyectoClinicaOdontologica.repository.UsuarioRepository.findByCorreo(java.lang.String); Reason: Failed to create query for method public abstract java.util.Optional com.dh.proyectoback.ProyectoClinicaOdontologica.repository.UsuarioRepository.findByCorreo(java.lang.String)! No property 'correo' found for type 'Usuario'; nested exception is java.lang.IllegalArgumentException: Failed to create query for method public abstract java.util.Optional com.dh.proyectoback.ProyectoClinicaOdontologica.repository.UsuarioRepository.findByCorreo(java.lang.String)! No property 'correo' found for type 'Usuario'
Caused by: org.springframework.beans.factory.BeanCreationException: Error creating bean with name 'usuarioRepository' defined in com.dh.proyectoback.ProyectoClinicaOdontologica.repository.UsuarioRepository defined in @EnableJpaRepositories declared on JpaRepositoriesRegistrar.EnableJpaRepositoriesConfiguration: Invocation of init method failed; nested exception is org.springframework.data.repository.query.QueryCreationException: Could not create query for public abstract java.util.Optional com.dh.proyectoback.ProyectoClinicaOdontologica.repository.UsuarioRepository.findByCorreo(java.lang.String); Reason: Failed to create query for method public abstract java.util.Optional com.dh.proyectoback.ProyectoClinicaOdontologica.repository.UsuarioRepository.findByCorreo(java.lang.String)! No property 'correo' found for type 'Usuario'; nested exception is java.lang.IllegalArgumentException: Failed to create query for method public abstract java.util.Optional com.dh.proyectoback.ProyectoClinicaOdontologica.repository.UsuarioRepository.findByCorreo(java.lang.String)! No property 'correo' found for type 'Usuario'
Caused by: org.springframework.data.repository.query.QueryCreationException: Could not create query for public abstract java.util.Optional com.dh.proyectoback.ProyectoClinicaOdontologica.repository.UsuarioRepository.findByCorreo(java.lang.String); Reason: Failed to create query for method public abstract java.util.Optional com.dh.proyectoback.ProyectoClinicaOdontologica.repository.UsuarioRepository.findByCorreo(java.lang.String)! No property 'correo' found for type 'Usuario'; nested exception is java.lang.IllegalArgumentException: Failed to create query for method public abstract java.util.Optional com.dh.proyectoback.ProyectoClinicaOdontologica.repository.UsuarioRepository.findByCorreo(java.lang.String)! No property 'correo' found for type 'Usuario'
Caused by: java.lang.IllegalArgumentException: Failed to create query for method public abstract java.util.Optional com.dh.proyectoback.ProyectoClinicaOdontologica.repository.UsuarioRepository.findByCorreo(java.lang.String)! No property 'correo' found for type 'Usuario'
Caused by: org.springframework.data.mapping.PropertyReferenceException: No property 'correo' found for type 'Usuario'

